# JRE version: Java(TM) SE Runtime Environment (8.0_231-b11) (build 1.8.0_231-b11)
# Java VM: Java HotSpot(TM) 64-Bit Server VM (25.231-b11 mixed mode windows-amd64 compressed oops)
Heap:
 PSYoungGen      total 28160K, used 14071K [0x00000000d5e00000, 0x00000000d7d80000, 0x0000000100000000)
  eden space 24064K, 57% used [0x00000000d5e00000,0x00000000d6b9df08,0x00000000d7580000)
  from space 4096K, 3% used [0x00000000d7980000,0x00000000d79a0000,0x00000000d7d80000)
  to   space 4096K, 0% used [0x00000000d7580000,0x00000000d7580000,0x00000000d7980000)
 ParOldGen       total 50176K, used 23398K [0x0000000081a00000, 0x0000000084b00000, 0x00000000d5e00000)
  object space 50176K, 46% used [0x0000000081a00000,0x00000000830d9898,0x0000000084b00000)
 Metaspace       used 22261K, capacity 22480K, committed 22704K, reserved 1069056K
  class space    used 2616K, capacity 2708K, committed 2816K, reserved 1048576K
GC Heap History (10 events):
Event: 1171.103 GC heap before
{Heap before GC invocations=41 (full 1):
 PSYoungGen      total 24576K, used 24288K [0x00000000d5e00000, 0x00000000d7f80000, 0x0000000100000000)
  eden space 24064K, 100% used [0x00000000d5e00000,0x00000000d7580000,0x00000000d7580000)
  from space 512K, 43% used [0x00000000d7580000,0x00000000d75b8000,0x00000000d7600000)
  to   space 5120K, 0% used [0x00000000d7a80000,0x00000000d7a80000,0x00000000d7f80000)
 ParOldGen       total 50176K, used 23225K [0x0000000081a00000, 0x0000000084b00000, 0x00000000d5e00000)
  object space 50176K, 46% used [0x0000000081a00000,0x00000000830ae7d8,0x0000000084b00000)
 Metaspace       used 22261K, capacity 22480K, committed 22704K, reserved 1069056K
  class space    used 2616K, capacity 2708K, committed 2816K, reserved 1048576K
Event: 1171.104 GC heap after
Heap after GC invocations=41 (full 1):
 PSYoungGen      total 29184K, used 192K [0x00000000d5e00000, 0x00000000d7f80000, 0x0000000100000000)
  eden space 24064K, 0% used [0x00000000d5e00000,0x00000000d5e00000,0x00000000d7580000)
  from space 5120K, 3% used [0x00000000d7a80000,0x00000000d7ab0000,0x00000000d7f80000)
  to   space 5120K, 0% used [0x00000000d7580000,0x00000000d7580000,0x00000000d7a80000)
 ParOldGen       total 50176K, used 23225K [0x0000000081a00000, 0x0000000084b00000, 0x00000000d5e00000)
  object space 50176K, 46% used [0x0000000081a00000,0x00000000830ae7d8,0x0000000084b00000)
 Metaspace       used 22261K, capacity 22480K, committed 22704K, reserved 1069056K
  class space    used 2616K, capacity 2708K, committed 2816K, reserved 1048576K
}
Event: 1197.128 GC heap before
{Heap before GC invocations=42 (full 1):
 PSYoungGen      total 29184K, used 24256K [0x00000000d5e00000, 0x00000000d7f80000, 0x0000000100000000)
  eden space 24064K, 100% used [0x00000000d5e00000,0x00000000d7580000,0x00000000d7580000)
  from space 5120K, 3% used [0x00000000d7a80000,0x00000000d7ab0000,0x00000000d7f80000)
  to   space 5120K, 0% used [0x00000000d7580000,0x00000000d7580000,0x00000000d7a80000)
 ParOldGen       total 50176K, used 23225K [0x0000000081a00000, 0x0000000084b00000, 0x00000000d5e00000)
  object space 50176K, 46% used [0x0000000081a00000,0x00000000830ae7d8,0x0000000084b00000)
 Metaspace       used 22261K, capacity 22480K, committed 22704K, reserved 1069056K
  class space    used 2616K, capacity 2708K, committed 2816K, reserved 1048576K
Event: 1197.129 GC heap after
Heap after GC invocations=42 (full 1):
 PSYoungGen      total 24576K, used 192K [0x00000000d5e00000, 0x00000000d7e80000, 0x0000000100000000)
  eden space 24064K, 0% used [0x00000000d5e00000,0x00000000d5e00000,0x00000000d7580000)
  from space 512K, 37% used [0x00000000d7580000,0x00000000d75b0000,0x00000000d7600000)
  to   space 4608K, 0% used [0x00000000d7a00000,0x00000000d7a00000,0x00000000d7e80000)
 ParOldGen       total 50176K, used 23288K [0x0000000081a00000, 0x0000000084b00000, 0x00000000d5e00000)
  object space 50176K, 46% used [0x0000000081a00000,0x00000000830be378,0x0000000084b00000)
 Metaspace       used 22261K, capacity 22480K, committed 22704K, reserved 1069056K
  class space    used 2616K, capacity 2708K, committed 2816K, reserved 1048576K
}
Event: 1222.784 GC heap before
{Heap before GC invocations=43 (full 1):
 PSYoungGen      total 24576K, used 24256K [0x00000000d5e00000, 0x00000000d7e80000, 0x0000000100000000)
  eden space 24064K, 100% used [0x00000000d5e00000,0x00000000d7580000,0x00000000d7580000)
  from space 512K, 37% used [0x00000000d7580000,0x00000000d75b0000,0x00000000d7600000)
  to   space 4608K, 0% used [0x00000000d7a00000,0x00000000d7a00000,0x00000000d7e80000)
 ParOldGen       total 50176K, used 23288K [0x0000000081a00000, 0x0000000084b00000, 0x00000000d5e00000)
  object space 50176K, 46% used [0x0000000081a00000,0x00000000830be378,0x0000000084b00000)
 Metaspace       used 22261K, capacity 22480K, committed 22704K, reserved 1069056K
  class space    used 2616K, capacity 2708K, committed 2816K, reserved 1048576K
Event: 1222.785 GC heap after
Heap after GC invocations=43 (full 1):
 PSYoungGen      total 28672K, used 192K [0x00000000d5e00000, 0x00000000d7e80000, 0x0000000100000000)
  eden space 24064K, 0% used [0x00000000d5e00000,0x00000000d5e00000,0x00000000d7580000)
  from space 4608K, 4% used [0x00000000d7a00000,0x00000000d7a30000,0x00000000d7e80000)
  to   space 4608K, 0% used [0x00000000d7580000,0x00000000d7580000,0x00000000d7a00000)
 ParOldGen       total 50176K, used 23296K [0x0000000081a00000, 0x0000000084b00000, 0x00000000d5e00000)
  object space 50176K, 46% used [0x0000000081a00000,0x00000000830c0378,0x0000000084b00000)
 Metaspace       used 22261K, capacity 22480K, committed 22704K, reserved 1069056K
  class space    used 2616K, capacity 2708K, committed 2816K, reserved 1048576K
}
Event: 1248.857 GC heap before
{Heap before GC invocations=44 (full 1):
 PSYoungGen      total 28672K, used 24256K [0x00000000d5e00000, 0x00000000d7e80000, 0x0000000100000000)
  eden space 24064K, 100% used [0x00000000d5e00000,0x00000000d7580000,0x00000000d7580000)
  from space 4608K, 4% used [0x00000000d7a00000,0x00000000d7a30000,0x00000000d7e80000)
  to   space 4608K, 0% used [0x00000000d7580000,0x00000000d7580000,0x00000000d7a00000)
 ParOldGen       total 50176K, used 23296K [0x0000000081a00000, 0x0000000084b00000, 0x00000000d5e00000)
  object space 50176K, 46% used [0x0000000081a00000,0x00000000830c0378,0x0000000084b00000)
 Metaspace       used 22261K, capacity 22480K, committed 22704K, reserved 1069056K
  class space    used 2616K, capacity 2708K, committed 2816K, reserved 1048576K
Event: 1248.858 GC heap after
Heap after GC invocations=44 (full 1):
 PSYoungGen      total 24576K, used 192K [0x00000000d5e00000, 0x00000000d7d80000, 0x0000000100000000)
  eden space 24064K, 0% used [0x00000000d5e00000,0x00000000d5e00000,0x00000000d7580000)
  from space 512K, 37% used [0x00000000d7580000,0x00000000d75b0000,0x00000000d7600000)
  to   space 4096K, 0% used [0x00000000d7980000,0x00000000d7980000,0x00000000d7d80000)
 ParOldGen       total 50176K, used 23296K [0x0000000081a00000, 0x0000000084b00000, 0x00000000d5e00000)
  object space 50176K, 46% used [0x0000000081a00000,0x00000000830c0378,0x0000000084b00000)
 Metaspace       used 22261K, capacity 22480K, committed 22704K, reserved 1069056K
  class space    used 2616K, capacity 2708K, committed 2816K, reserved 1048576K
}
Event: 1274.576 GC heap before
{Heap before GC invocations=45 (full 1):
 PSYoungGen      total 24576K, used 24256K [0x00000000d5e00000, 0x00000000d7d80000, 0x0000000100000000)
  eden space 24064K, 100% used [0x00000000d5e00000,0x00000000d7580000,0x00000000d7580000)
  from space 512K, 37% used [0x00000000d7580000,0x00000000d75b0000,0x00000000d7600000)
  to   space 4096K, 0% used [0x00000000d7980000,0x00000000d7980000,0x00000000d7d80000)
 ParOldGen       total 50176K, used 23296K [0x0000000081a00000, 0x0000000084b00000, 0x00000000d5e00000)
  object space 50176K, 46% used [0x0000000081a00000,0x00000000830c0378,0x0000000084b00000)
 Metaspace       used 22261K, capacity 22480K, committed 22704K, reserved 1069056K
  class space    used 2616K, capacity 2708K, committed 2816K, reserved 1048576K
Event: 1274.577 GC heap after
Heap after GC invocations=45 (full 1):
 PSYoungGen      total 28160K, used 128K [0x00000000d5e00000, 0x00000000d7d80000, 0x0000000100000000)
  eden space 24064K, 0% used [0x00000000d5e00000,0x00000000d5e00000,0x00000000d7580000)
  from space 4096K, 3% used [0x00000000d7980000,0x00000000d79a0000,0x00000000d7d80000)
  to   space 4096K, 0% used [0x00000000d7580000,0x00000000d7580000,0x00000000d7980000)
 ParOldGen       total 50176K, used 23398K [0x0000000081a00000, 0x0000000084b00000, 0x00000000d5e00000)
  object space 50176K, 46% used [0x0000000081a00000,0x00000000830d9898,0x0000000084b00000)
 Metaspace       used 22261K, capacity 22480K, committed 22704K, reserved 1069056K
  class space    used 2616K, capacity 2708K, committed 2816K, reserved 1048576K
}

